======================================================================================================
异常：	Traceback (most recent call last):
		  File "E:\git\github\jvm.py\py\launcher.py", line 6, in <module>
		    from zipfile import ZipFile
		  File "D:\Python27\lib\zipfile.py", line 51, in <module>
		    sizeEndCentDir = struct.calcsize(structEndArchive)
		AttributeError: 'module' object has no attribute 'calcsize'
分析：	在launcher.py里导入ZipFile就报错，而在其他模块，比如base.py里面导入就不会报错
解决：	因为launcher导入了bootstrap，而bootstrap里面导入了struct.parser_s模块。此模块目录和zipfile的模块
		目录重名了，都是【struct】，将struct.parser_s模块改名为bean.parserBean就成了。
======================================================================================================

======================================================================================================

======================================================================================================

======================================================================================================

======================================================================================================

======================================================================================================

======================================================================================================

======================================================================================================

======================================================================================================

======================================================================================================

======================================================================================================

======================================================================================================

======================================================================================================

======================================================================================================

======================================================================================================

======================================================================================================

======================================================================================================

======================================================================================================

======================================================================================================

======================================================================================================

======================================================================================================

======================================================================================================

======================================================================================================

======================================================================================================

======================================================================================================

======================================================================================================
